ERROR 2026-02-26 17:47:17,284 myapp view_quotations Error creating quotation: (535, b'5.7.8 Username and Password not accepted. For more information, go to\n5.7.8  https://support.google.com/mail/?p=BadCredentials d9443c01a7336-2adfb6d5970sm23614345ad.80 - gsmtp') quotation.py
ERROR 2026-02-26 17:47:48,046 myapp view_quotations Error creating quotation: could not convert string to float: '84.20eeee' quotation.py
ERROR 2026-02-26 18:48:17,425 myapp view_purchase_order could not convert string to float: '1111.00e' purchase_order.py
ERROR 2026-02-26 18:48:54,849 myapp view_purchase_order could not convert string to float: '1111.00r' purchase_order.py
ERROR 2026-02-26 18:53:59,184 myapp view_quotations Error creating quotation: could not convert string to float: '2222.222222e' quotation.py
ERROR 2026-02-26 19:14:10,902 myapp view_purchase_order (535, b'5.7.8 Username and Password not accepted. For more information, go to\n5.7.8  https://support.google.com/mail/?p=BadCredentials 98e67ed59e1d1-3591356a58fsm2958397a91.3 - gsmtp') purchase_order.py
ERROR 2026-02-26 19:14:36,639 myapp view_purchase_order (535, b'5.7.8 Username and Password not accepted. For more information, go to\n5.7.8  https://support.google.com/mail/?p=BadCredentials d9443c01a7336-2adfb6f3688sm27422065ad.87 - gsmtp') purchase_order.py
ERROR 2026-02-27 12:14:37,337 myapp master_data_upload Something went wrong: name 'email_regex' is not defined master_data.py
Traceback (most recent call last):
  File "D:\nirmal_pms\Nirmal-PMS\app\Views\master_data.py", line 148, in master_data_upload
    email_error = utils.email_validator(email)
  File "D:\nirmal_pms\Nirmal-PMS\app\utils.py", line 34, in email_validator
    if not re.match(email_regex, email):
                    ^^^^^^^^^^^
NameError: name 'email_regex' is not defined
ERROR 2026-02-27 12:27:27,016 myapp purchase_order_ajax float division by zero purchase_order.py
ERROR 2026-02-27 12:27:27,043 myapp purchase_order_ajax float division by zero purchase_order.py
ERROR 2026-02-27 13:11:27,466 myapp send_mail_data (535, b'5.7.8 Username and Password not accepted. For more information, go to\n5.7.8  https://support.google.com/mail/?p=BadCredentials d9443c01a7336-2adfb69f277sm66005475ad.55 - gsmtp') job_data.py
ERROR 2026-03-02 11:11:46,327 myapp view_quotations Error creating quotation: cannot access local variable 'wb' where it is not associated with a value quotation.py
ERROR 2026-03-02 11:11:46,355 myapp view_quotations Error creating quotation: cannot access local variable 'wb' where it is not associated with a value quotation.py
ERROR 2026-03-02 11:11:46,378 myapp view_quotations Error creating quotation: cannot access local variable 'wb' where it is not associated with a value quotation.py
ERROR 2026-03-02 11:11:46,399 myapp view_quotations Error creating quotation: cannot access local variable 'wb' where it is not associated with a value quotation.py
ERROR 2026-03-02 11:11:46,421 myapp view_quotations Error creating quotation: cannot access local variable 'wb' where it is not associated with a value quotation.py
ERROR 2026-03-02 11:11:46,445 myapp view_quotations Error creating quotation: cannot access local variable 'wb' where it is not associated with a value quotation.py
ERROR 2026-03-02 11:11:46,477 myapp view_quotations Error creating quotation: cannot access local variable 'wb' where it is not associated with a value quotation.py
ERROR 2026-03-02 11:11:46,509 myapp view_quotations Error creating quotation: cannot access local variable 'wb' where it is not associated with a value quotation.py
ERROR 2026-03-02 11:11:46,531 myapp view_quotations Error creating quotation: cannot access local variable 'wb' where it is not associated with a value quotation.py
ERROR 2026-03-02 11:11:46,555 myapp view_quotations Error creating quotation: cannot access local variable 'wb' where it is not associated with a value quotation.py
ERROR 2026-03-02 11:11:46,577 myapp view_quotations Error creating quotation: cannot access local variable 'wb' where it is not associated with a value quotation.py
ERROR 2026-03-02 11:11:46,598 myapp view_quotations Error creating quotation: cannot access local variable 'wb' where it is not associated with a value quotation.py
ERROR 2026-03-02 11:11:46,620 myapp view_quotations Error creating quotation: cannot access local variable 'wb' where it is not associated with a value quotation.py
ERROR 2026-03-02 11:11:46,643 myapp view_quotations Error creating quotation: cannot access local variable 'wb' where it is not associated with a value quotation.py
ERROR 2026-03-02 11:11:46,665 myapp view_quotations Error creating quotation: cannot access local variable 'wb' where it is not associated with a value quotation.py
ERROR 2026-03-02 11:11:46,686 myapp view_quotations Error creating quotation: cannot access local variable 'wb' where it is not associated with a value quotation.py
ERROR 2026-03-02 11:11:46,709 myapp view_quotations Error creating quotation: cannot access local variable 'wb' where it is not associated with a value quotation.py
ERROR 2026-03-02 11:11:46,731 myapp view_quotations Error creating quotation: cannot access local variable 'wb' where it is not associated with a value quotation.py
ERROR 2026-03-02 11:11:46,753 myapp view_quotations Error creating quotation: cannot access local variable 'wb' where it is not associated with a value quotation.py
ERROR 2026-03-02 11:11:46,776 myapp view_quotations Error creating quotation: cannot access local variable 'wb' where it is not associated with a value quotation.py
ERROR 2026-03-02 11:11:47,831 myapp view_quotations Error creating quotation: cannot access local variable 'wb' where it is not associated with a value quotation.py
ERROR 2026-03-02 11:11:47,856 myapp view_quotations Error creating quotation: cannot access local variable 'wb' where it is not associated with a value quotation.py
ERROR 2026-03-02 11:11:47,881 myapp view_quotations Error creating quotation: cannot access local variable 'wb' where it is not associated with a value quotation.py
ERROR 2026-03-02 11:11:47,911 myapp view_quotations Error creating quotation: cannot access local variable 'wb' where it is not associated with a value quotation.py
ERROR 2026-03-02 11:11:47,942 myapp view_quotations Error creating quotation: cannot access local variable 'wb' where it is not associated with a value quotation.py
ERROR 2026-03-02 11:11:47,973 myapp view_quotations Error creating quotation: cannot access local variable 'wb' where it is not associated with a value quotation.py
ERROR 2026-03-02 11:11:48,004 myapp view_quotations Error creating quotation: cannot access local variable 'wb' where it is not associated with a value quotation.py
ERROR 2026-03-02 11:11:48,035 myapp view_quotations Error creating quotation: cannot access local variable 'wb' where it is not associated with a value quotation.py
ERROR 2026-03-02 11:11:48,067 myapp view_quotations Error creating quotation: cannot access local variable 'wb' where it is not associated with a value quotation.py
ERROR 2026-03-02 11:11:48,091 myapp view_quotations Error creating quotation: cannot access local variable 'wb' where it is not associated with a value quotation.py
ERROR 2026-03-02 11:11:48,115 myapp view_quotations Error creating quotation: cannot access local variable 'wb' where it is not associated with a value quotation.py
ERROR 2026-03-02 11:11:48,139 myapp view_quotations Error creating quotation: cannot access local variable 'wb' where it is not associated with a value quotation.py
ERROR 2026-03-02 11:11:48,162 myapp view_quotations Error creating quotation: cannot access local variable 'wb' where it is not associated with a value quotation.py
ERROR 2026-03-02 11:11:48,193 myapp view_quotations Error creating quotation: cannot access local variable 'wb' where it is not associated with a value quotation.py
ERROR 2026-03-02 11:11:48,222 myapp view_quotations Error creating quotation: cannot access local variable 'wb' where it is not associated with a value quotation.py
ERROR 2026-03-02 11:11:48,254 myapp view_quotations Error creating quotation: cannot access local variable 'wb' where it is not associated with a value quotation.py
ERROR 2026-03-02 11:11:48,280 myapp view_quotations Error creating quotation: cannot access local variable 'wb' where it is not associated with a value quotation.py
ERROR 2026-03-02 11:11:48,304 myapp view_quotations Error creating quotation: cannot access local variable 'wb' where it is not associated with a value quotation.py
ERROR 2026-03-02 11:11:48,325 myapp view_quotations Error creating quotation: cannot access local variable 'wb' where it is not associated with a value quotation.py
ERROR 2026-03-02 11:11:48,348 myapp view_quotations Error creating quotation: cannot access local variable 'wb' where it is not associated with a value quotation.py
ERROR 2026-03-02 11:11:50,925 myapp view_quotations Error creating quotation: cannot access local variable 'wb' where it is not associated with a value quotation.py
ERROR 2026-03-02 11:11:50,950 myapp view_quotations Error creating quotation: cannot access local variable 'wb' where it is not associated with a value quotation.py
ERROR 2026-03-02 11:11:50,974 myapp view_quotations Error creating quotation: cannot access local variable 'wb' where it is not associated with a value quotation.py
ERROR 2026-03-02 11:11:50,998 myapp view_quotations Error creating quotation: cannot access local variable 'wb' where it is not associated with a value quotation.py
ERROR 2026-03-02 11:11:51,022 myapp view_quotations Error creating quotation: cannot access local variable 'wb' where it is not associated with a value quotation.py
ERROR 2026-03-02 11:11:51,052 myapp view_quotations Error creating quotation: cannot access local variable 'wb' where it is not associated with a value quotation.py
ERROR 2026-03-02 11:11:51,079 myapp view_quotations Error creating quotation: cannot access local variable 'wb' where it is not associated with a value quotation.py
ERROR 2026-03-02 11:11:51,103 myapp view_quotations Error creating quotation: cannot access local variable 'wb' where it is not associated with a value quotation.py
ERROR 2026-03-02 11:11:51,132 myapp view_quotations Error creating quotation: cannot access local variable 'wb' where it is not associated with a value quotation.py
ERROR 2026-03-02 11:11:51,157 myapp view_quotations Error creating quotation: cannot access local variable 'wb' where it is not associated with a value quotation.py
ERROR 2026-03-02 11:11:51,180 myapp view_quotations Error creating quotation: cannot access local variable 'wb' where it is not associated with a value quotation.py
ERROR 2026-03-02 11:11:51,202 myapp view_quotations Error creating quotation: cannot access local variable 'wb' where it is not associated with a value quotation.py
ERROR 2026-03-02 11:11:51,224 myapp view_quotations Error creating quotation: cannot access local variable 'wb' where it is not associated with a value quotation.py
ERROR 2026-03-02 11:11:51,354 myapp view_quotations Error creating quotation: cannot access local variable 'wb' where it is not associated with a value quotation.py
ERROR 2026-03-02 11:11:51,377 myapp view_quotations Error creating quotation: cannot access local variable 'wb' where it is not associated with a value quotation.py
ERROR 2026-03-02 11:11:51,399 myapp view_quotations Error creating quotation: cannot access local variable 'wb' where it is not associated with a value quotation.py
ERROR 2026-03-02 11:11:51,421 myapp view_quotations Error creating quotation: cannot access local variable 'wb' where it is not associated with a value quotation.py
ERROR 2026-03-02 11:11:51,444 myapp view_quotations Error creating quotation: cannot access local variable 'wb' where it is not associated with a value quotation.py
ERROR 2026-03-02 11:11:51,470 myapp view_quotations Error creating quotation: cannot access local variable 'wb' where it is not associated with a value quotation.py
ERROR 2026-03-02 11:11:51,491 myapp view_quotations Error creating quotation: cannot access local variable 'wb' where it is not associated with a value quotation.py
ERROR 2026-03-02 11:11:52,533 myapp view_quotations Error creating quotation: cannot access local variable 'wb' where it is not associated with a value quotation.py
ERROR 2026-03-02 11:11:52,560 myapp view_quotations Error creating quotation: cannot access local variable 'wb' where it is not associated with a value quotation.py
ERROR 2026-03-02 11:11:52,585 myapp view_quotations Error creating quotation: cannot access local variable 'wb' where it is not associated with a value quotation.py
ERROR 2026-03-02 11:11:52,613 myapp view_quotations Error creating quotation: cannot access local variable 'wb' where it is not associated with a value quotation.py
ERROR 2026-03-02 11:11:52,635 myapp view_quotations Error creating quotation: cannot access local variable 'wb' where it is not associated with a value quotation.py
ERROR 2026-03-02 11:11:52,657 myapp view_quotations Error creating quotation: cannot access local variable 'wb' where it is not associated with a value quotation.py
ERROR 2026-03-02 11:11:52,687 myapp view_quotations Error creating quotation: cannot access local variable 'wb' where it is not associated with a value quotation.py
ERROR 2026-03-02 11:11:52,719 myapp view_quotations Error creating quotation: cannot access local variable 'wb' where it is not associated with a value quotation.py
ERROR 2026-03-02 11:11:52,746 myapp view_quotations Error creating quotation: cannot access local variable 'wb' where it is not associated with a value quotation.py
ERROR 2026-03-02 11:11:52,768 myapp view_quotations Error creating quotation: cannot access local variable 'wb' where it is not associated with a value quotation.py
ERROR 2026-03-02 11:11:52,791 myapp view_quotations Error creating quotation: cannot access local variable 'wb' where it is not associated with a value quotation.py
ERROR 2026-03-02 11:11:52,813 myapp view_quotations Error creating quotation: cannot access local variable 'wb' where it is not associated with a value quotation.py
ERROR 2026-03-02 11:11:52,835 myapp view_quotations Error creating quotation: cannot access local variable 'wb' where it is not associated with a value quotation.py
ERROR 2026-03-02 11:11:52,957 myapp view_quotations Error creating quotation: cannot access local variable 'wb' where it is not associated with a value quotation.py
ERROR 2026-03-02 11:11:52,965 myapp view_quotations Error creating quotation: cannot access local variable 'wb' where it is not associated with a value quotation.py
ERROR 2026-03-02 11:11:52,983 myapp view_quotations Error creating quotation: cannot access local variable 'wb' where it is not associated with a value quotation.py
ERROR 2026-03-02 11:11:53,009 myapp view_quotations Error creating quotation: cannot access local variable 'wb' where it is not associated with a value quotation.py
ERROR 2026-03-02 11:11:53,036 myapp view_quotations Error creating quotation: cannot access local variable 'wb' where it is not associated with a value quotation.py
ERROR 2026-03-02 11:11:53,062 myapp view_quotations Error creating quotation: cannot access local variable 'wb' where it is not associated with a value quotation.py
ERROR 2026-03-02 11:11:53,093 myapp view_quotations Error creating quotation: cannot access local variable 'wb' where it is not associated with a value quotation.py
ERROR 2026-03-02 11:11:53,124 myapp view_quotations Error creating quotation: cannot access local variable 'wb' where it is not associated with a value quotation.py
ERROR 2026-03-02 11:11:53,147 myapp view_quotations Error creating quotation: cannot access local variable 'wb' where it is not associated with a value quotation.py
ERROR 2026-03-02 11:11:53,170 myapp view_quotations Error creating quotation: cannot access local variable 'wb' where it is not associated with a value quotation.py
ERROR 2026-03-02 11:11:53,194 myapp view_quotations Error creating quotation: cannot access local variable 'wb' where it is not associated with a value quotation.py
ERROR 2026-03-02 11:11:53,218 myapp view_quotations Error creating quotation: cannot access local variable 'wb' where it is not associated with a value quotation.py
ERROR 2026-03-02 11:11:53,243 myapp view_quotations Error creating quotation: cannot access local variable 'wb' where it is not associated with a value quotation.py
ERROR 2026-03-02 11:11:53,266 myapp view_quotations Error creating quotation: cannot access local variable 'wb' where it is not associated with a value quotation.py
ERROR 2026-03-02 11:11:53,290 myapp view_quotations Error creating quotation: cannot access local variable 'wb' where it is not associated with a value quotation.py
ERROR 2026-03-02 11:11:53,315 myapp view_quotations Error creating quotation: cannot access local variable 'wb' where it is not associated with a value quotation.py
ERROR 2026-03-02 11:11:53,337 myapp view_quotations Error creating quotation: cannot access local variable 'wb' where it is not associated with a value quotation.py
ERROR 2026-03-02 11:11:53,369 myapp view_quotations Error creating quotation: cannot access local variable 'wb' where it is not associated with a value quotation.py
ERROR 2026-03-02 11:11:53,394 myapp view_quotations Error creating quotation: cannot access local variable 'wb' where it is not associated with a value quotation.py
ERROR 2026-03-02 11:11:53,422 myapp view_quotations Error creating quotation: cannot access local variable 'wb' where it is not associated with a value quotation.py
ERROR 2026-03-02 11:11:53,453 myapp view_quotations Error creating quotation: cannot access local variable 'wb' where it is not associated with a value quotation.py
ERROR 2026-03-02 11:11:53,952 myapp view_quotations Error creating quotation: cannot access local variable 'wb' where it is not associated with a value quotation.py
ERROR 2026-03-02 11:11:53,977 myapp view_quotations Error creating quotation: cannot access local variable 'wb' where it is not associated with a value quotation.py
ERROR 2026-03-02 11:11:54,001 myapp view_quotations Error creating quotation: cannot access local variable 'wb' where it is not associated with a value quotation.py
ERROR 2026-03-02 11:11:54,030 myapp view_quotations Error creating quotation: cannot access local variable 'wb' where it is not associated with a value quotation.py
ERROR 2026-03-02 11:11:54,062 myapp view_quotations Error creating quotation: cannot access local variable 'wb' where it is not associated with a value quotation.py
ERROR 2026-03-02 11:11:54,093 myapp view_quotations Error creating quotation: cannot access local variable 'wb' where it is not associated with a value quotation.py
ERROR 2026-03-02 11:11:54,116 myapp view_quotations Error creating quotation: cannot access local variable 'wb' where it is not associated with a value quotation.py
ERROR 2026-03-02 11:11:54,138 myapp view_quotations Error creating quotation: cannot access local variable 'wb' where it is not associated with a value quotation.py
ERROR 2026-03-02 11:11:54,161 myapp view_quotations Error creating quotation: cannot access local variable 'wb' where it is not associated with a value quotation.py
ERROR 2026-03-02 11:11:54,187 myapp view_quotations Error creating quotation: cannot access local variable 'wb' where it is not associated with a value quotation.py
ERROR 2026-03-02 11:11:54,220 myapp view_quotations Error creating quotation: cannot access local variable 'wb' where it is not associated with a value quotation.py
ERROR 2026-03-02 11:11:54,251 myapp view_quotations Error creating quotation: cannot access local variable 'wb' where it is not associated with a value quotation.py
ERROR 2026-03-02 11:11:54,273 myapp view_quotations Error creating quotation: cannot access local variable 'wb' where it is not associated with a value quotation.py
ERROR 2026-03-02 11:11:54,300 myapp view_quotations Error creating quotation: cannot access local variable 'wb' where it is not associated with a value quotation.py
ERROR 2026-03-02 11:11:54,322 myapp view_quotations Error creating quotation: cannot access local variable 'wb' where it is not associated with a value quotation.py
ERROR 2026-03-02 11:11:54,344 myapp view_quotations Error creating quotation: cannot access local variable 'wb' where it is not associated with a value quotation.py
ERROR 2026-03-02 11:11:54,367 myapp view_quotations Error creating quotation: cannot access local variable 'wb' where it is not associated with a value quotation.py
ERROR 2026-03-02 11:11:54,394 myapp view_quotations Error creating quotation: cannot access local variable 'wb' where it is not associated with a value quotation.py
ERROR 2026-03-02 11:11:54,422 myapp view_quotations Error creating quotation: cannot access local variable 'wb' where it is not associated with a value quotation.py
ERROR 2026-03-02 11:11:54,450 myapp view_quotations Error creating quotation: cannot access local variable 'wb' where it is not associated with a value quotation.py
ERROR 2026-03-02 11:11:55,513 myapp view_quotations Error creating quotation: cannot access local variable 'wb' where it is not associated with a value quotation.py
ERROR 2026-03-02 11:11:55,544 myapp view_quotations Error creating quotation: cannot access local variable 'wb' where it is not associated with a value quotation.py
ERROR 2026-03-02 11:11:55,570 myapp view_quotations Error creating quotation: cannot access local variable 'wb' where it is not associated with a value quotation.py
ERROR 2026-03-02 11:11:55,594 myapp view_quotations Error creating quotation: cannot access local variable 'wb' where it is not associated with a value quotation.py
ERROR 2026-03-02 11:11:55,618 myapp view_quotations Error creating quotation: cannot access local variable 'wb' where it is not associated with a value quotation.py
ERROR 2026-03-02 11:11:55,643 myapp view_quotations Error creating quotation: cannot access local variable 'wb' where it is not associated with a value quotation.py
ERROR 2026-03-02 11:11:55,667 myapp view_quotations Error creating quotation: cannot access local variable 'wb' where it is not associated with a value quotation.py
ERROR 2026-03-02 11:11:55,691 myapp view_quotations Error creating quotation: cannot access local variable 'wb' where it is not associated with a value quotation.py
ERROR 2026-03-02 11:11:55,715 myapp view_quotations Error creating quotation: cannot access local variable 'wb' where it is not associated with a value quotation.py
ERROR 2026-03-02 11:11:55,739 myapp view_quotations Error creating quotation: cannot access local variable 'wb' where it is not associated with a value quotation.py
ERROR 2026-03-02 11:11:55,764 myapp view_quotations Error creating quotation: cannot access local variable 'wb' where it is not associated with a value quotation.py
ERROR 2026-03-02 11:11:55,788 myapp view_quotations Error creating quotation: cannot access local variable 'wb' where it is not associated with a value quotation.py
ERROR 2026-03-02 11:11:55,812 myapp view_quotations Error creating quotation: cannot access local variable 'wb' where it is not associated with a value quotation.py
ERROR 2026-03-02 11:11:55,848 myapp view_quotations Error creating quotation: cannot access local variable 'wb' where it is not associated with a value quotation.py
ERROR 2026-03-02 11:11:55,876 myapp view_quotations Error creating quotation: cannot access local variable 'wb' where it is not associated with a value quotation.py
ERROR 2026-03-02 11:11:55,903 myapp view_quotations Error creating quotation: cannot access local variable 'wb' where it is not associated with a value quotation.py
ERROR 2026-03-02 11:11:55,929 myapp view_quotations Error creating quotation: cannot access local variable 'wb' where it is not associated with a value quotation.py
ERROR 2026-03-02 11:11:55,955 myapp view_quotations Error creating quotation: cannot access local variable 'wb' where it is not associated with a value quotation.py
ERROR 2026-03-02 11:11:55,984 myapp view_quotations Error creating quotation: cannot access local variable 'wb' where it is not associated with a value quotation.py
ERROR 2026-03-02 11:11:56,007 myapp view_quotations Error creating quotation: cannot access local variable 'wb' where it is not associated with a value quotation.py
ERROR 2026-03-02 11:12:01,066 myapp view_quotations Error creating quotation: cannot access local variable 'wb' where it is not associated with a value quotation.py
ERROR 2026-03-02 11:12:01,099 myapp view_quotations Error creating quotation: cannot access local variable 'wb' where it is not associated with a value quotation.py
ERROR 2026-03-02 11:12:01,123 myapp view_quotations Error creating quotation: cannot access local variable 'wb' where it is not associated with a value quotation.py
ERROR 2026-03-02 11:12:01,148 myapp view_quotations Error creating quotation: cannot access local variable 'wb' where it is not associated with a value quotation.py
ERROR 2026-03-02 11:12:01,173 myapp view_quotations Error creating quotation: cannot access local variable 'wb' where it is not associated with a value quotation.py
ERROR 2026-03-02 11:12:01,201 myapp view_quotations Error creating quotation: cannot access local variable 'wb' where it is not associated with a value quotation.py
ERROR 2026-03-02 11:12:01,227 myapp view_quotations Error creating quotation: cannot access local variable 'wb' where it is not associated with a value quotation.py
ERROR 2026-03-02 11:12:01,255 myapp view_quotations Error creating quotation: cannot access local variable 'wb' where it is not associated with a value quotation.py
ERROR 2026-03-02 11:12:01,284 myapp view_quotations Error creating quotation: cannot access local variable 'wb' where it is not associated with a value quotation.py
ERROR 2026-03-02 11:12:01,310 myapp view_quotations Error creating quotation: cannot access local variable 'wb' where it is not associated with a value quotation.py
ERROR 2026-03-02 11:12:01,336 myapp view_quotations Error creating quotation: cannot access local variable 'wb' where it is not associated with a value quotation.py
ERROR 2026-03-02 11:12:01,362 myapp view_quotations Error creating quotation: cannot access local variable 'wb' where it is not associated with a value quotation.py
ERROR 2026-03-02 11:12:01,391 myapp view_quotations Error creating quotation: cannot access local variable 'wb' where it is not associated with a value quotation.py
ERROR 2026-03-02 11:12:01,419 myapp view_quotations Error creating quotation: cannot access local variable 'wb' where it is not associated with a value quotation.py
ERROR 2026-03-02 11:12:01,445 myapp view_quotations Error creating quotation: cannot access local variable 'wb' where it is not associated with a value quotation.py
ERROR 2026-03-02 11:12:01,469 myapp view_quotations Error creating quotation: cannot access local variable 'wb' where it is not associated with a value quotation.py
ERROR 2026-03-02 11:12:01,497 myapp view_quotations Error creating quotation: cannot access local variable 'wb' where it is not associated with a value quotation.py
ERROR 2026-03-02 11:12:01,522 myapp view_quotations Error creating quotation: cannot access local variable 'wb' where it is not associated with a value quotation.py
ERROR 2026-03-02 11:12:01,550 myapp view_quotations Error creating quotation: cannot access local variable 'wb' where it is not associated with a value quotation.py
ERROR 2026-03-02 11:12:01,677 myapp view_quotations Error creating quotation: cannot access local variable 'wb' where it is not associated with a value quotation.py
ERROR 2026-03-02 11:17:47,856 myapp view_quotations Error creating quotation: 'PouchQuotation' object has no attribute 'purchase_order_jobs' quotation.py
ERROR 2026-03-02 11:18:40,835 myapp view_quotations Error creating quotation: 'PouchPartyContact' object has no attribute 'contact' quotation.py
ERROR 2026-03-03 15:51:00,412 myapp login_page Invalid Username or Password views.py
